Determining if the pthread_create exist failed with the following output:
Change Dir: /home/florine_van/10662432_autonomous_nav/autonomous_navigation_wss/turtlebot_simulation/build/catkin_tools_prebuild/CMakeFiles/CMakeTmp

Run Build Command:"/usr/bin/make" "cmTC_70e6d/fast"
/usr/bin/make -f CMakeFiles/cmTC_70e6d.dir/build.make CMakeFiles/cmTC_70e6d.dir/build
make[1]: Entering directory '/home/florine_van/10662432_autonomous_nav/autonomous_navigation_wss/turtlebot_simulation/build/catkin_tools_prebuild/CMakeFiles/CMakeTmp'
Building C object CMakeFiles/cmTC_70e6d.dir/CheckSymbolExists.c.o
/usr/bin/cc     -o CMakeFiles/cmTC_70e6d.dir/CheckSymbolExists.c.o   -c /home/florine_van/10662432_autonomous_nav/autonomous_navigation_wss/turtlebot_simulation/build/catkin_tools_prebuild/CMakeFiles/CMakeTmp/CheckSymbolExists.c
Linking C executable cmTC_70e6d
/usr/bin/cmake -E cmake_link_script CMakeFiles/cmTC_70e6d.dir/link.txt --verbose=1
/usr/bin/cc       CMakeFiles/cmTC_70e6d.dir/CheckSymbolExists.c.o  -o cmTC_70e6d -rdynamic 
CMakeFiles/cmTC_70e6d.dir/CheckSymbolExists.c.o: In function `main':
CheckSymbolExists.c:(.text+0x16): undefined reference to `pthread_create'
collect2: error: ld returned 1 exit status
CMakeFiles/cmTC_70e6d.dir/build.make:97: recipe for target 'cmTC_70e6d' failed
make[1]: *** [cmTC_70e6d] Error 1
make[1]: Leaving directory '/home/florine_van/10662432_autonomous_nav/autonomous_navigation_wss/turtlebot_simulation/build/catkin_tools_prebuild/CMakeFiles/CMakeTmp'
Makefile:126: recipe for target 'cmTC_70e6d/fast' failed
make: *** [cmTC_70e6d/fast] Error 2

File /home/florine_van/10662432_autonomous_nav/autonomous_navigation_wss/turtlebot_simulation/build/catkin_tools_prebuild/CMakeFiles/CMakeTmp/CheckSymbolExists.c:
/* */
#include <pthread.h>

int main(int argc, char** argv)
{
  (void)argv;
#ifndef pthread_create
  return ((int*)(&pthread_create))[argc];
#else
  (void)argc;
  return 0;
#endif
}

Determining if the function pthread_create exists in the pthreads failed with the following output:
Change Dir: /home/florine_van/10662432_autonomous_nav/autonomous_navigation_wss/turtlebot_simulation/build/catkin_tools_prebuild/CMakeFiles/CMakeTmp

Run Build Command:"/usr/bin/make" "cmTC_798b2/fast"
/usr/bin/make -f CMakeFiles/cmTC_798b2.dir/build.make CMakeFiles/cmTC_798b2.dir/build
make[1]: Entering directory '/home/florine_van/10662432_autonomous_nav/autonomous_navigation_wss/turtlebot_simulation/build/catkin_tools_prebuild/CMakeFiles/CMakeTmp'
Building C object CMakeFiles/cmTC_798b2.dir/CheckFunctionExists.c.o
/usr/bin/cc    -DCHECK_FUNCTION_EXISTS=pthread_create   -o CMakeFiles/cmTC_798b2.dir/CheckFunctionExists.c.o   -c /usr/share/cmake-3.5/Modules/CheckFunctionExists.c
Linking C executable cmTC_798b2
/usr/bin/cmake -E cmake_link_script CMakeFiles/cmTC_798b2.dir/link.txt --verbose=1
/usr/bin/cc   -DCHECK_FUNCTION_EXISTS=pthread_create    CMakeFiles/cmTC_798b2.dir/CheckFunctionExists.c.o  -o cmTC_798b2 -rdynamic -lpthreads 
/usr/bin/ld: cannot find -lpthreads
collect2: error: ld returned 1 exit status
CMakeFiles/cmTC_798b2.dir/build.make:97: recipe for target 'cmTC_798b2' failed
make[1]: *** [cmTC_798b2] Error 1
make[1]: Leaving directory '/home/florine_van/10662432_autonomous_nav/autonomous_navigation_wss/turtlebot_simulation/build/catkin_tools_prebuild/CMakeFiles/CMakeTmp'
Makefile:126: recipe for target 'cmTC_798b2/fast' failed
make: *** [cmTC_798b2/fast] Error 2


