Determining if the pthread_create exist failed with the following output:
Change Dir: /home/florine_van/10662432_autonomous_nav/autonomous_navigation_wss/turtlebot_3d_nav/build/CMakeFiles/CMakeTmp

Run Build Command:"/usr/bin/make" "cmTC_24b16/fast"
/usr/bin/make -f CMakeFiles/cmTC_24b16.dir/build.make CMakeFiles/cmTC_24b16.dir/build
make[1]: Entering directory '/home/florine_van/10662432_autonomous_nav/autonomous_navigation_wss/turtlebot_3d_nav/build/CMakeFiles/CMakeTmp'
Building C object CMakeFiles/cmTC_24b16.dir/CheckSymbolExists.c.o
/usr/bin/cc     -o CMakeFiles/cmTC_24b16.dir/CheckSymbolExists.c.o   -c /home/florine_van/10662432_autonomous_nav/autonomous_navigation_wss/turtlebot_3d_nav/build/CMakeFiles/CMakeTmp/CheckSymbolExists.c
Linking C executable cmTC_24b16
/usr/bin/cmake -E cmake_link_script CMakeFiles/cmTC_24b16.dir/link.txt --verbose=1
/usr/bin/cc       CMakeFiles/cmTC_24b16.dir/CheckSymbolExists.c.o  -o cmTC_24b16 -rdynamic 
CMakeFiles/cmTC_24b16.dir/CheckSymbolExists.c.o: In function `main':
CheckSymbolExists.c:(.text+0x16): undefined reference to `pthread_create'
collect2: error: ld returned 1 exit status
CMakeFiles/cmTC_24b16.dir/build.make:97: recipe for target 'cmTC_24b16' failed
make[1]: *** [cmTC_24b16] Error 1
make[1]: Leaving directory '/home/florine_van/10662432_autonomous_nav/autonomous_navigation_wss/turtlebot_3d_nav/build/CMakeFiles/CMakeTmp'
Makefile:126: recipe for target 'cmTC_24b16/fast' failed
make: *** [cmTC_24b16/fast] Error 2

File /home/florine_van/10662432_autonomous_nav/autonomous_navigation_wss/turtlebot_3d_nav/build/CMakeFiles/CMakeTmp/CheckSymbolExists.c:
/* */
#include <pthread.h>

int main(int argc, char** argv)
{
  (void)argv;
#ifndef pthread_create
  return ((int*)(&pthread_create))[argc];
#else
  (void)argc;
  return 0;
#endif
}

Determining if the function pthread_create exists in the pthreads failed with the following output:
Change Dir: /home/florine_van/10662432_autonomous_nav/autonomous_navigation_wss/turtlebot_3d_nav/build/CMakeFiles/CMakeTmp

Run Build Command:"/usr/bin/make" "cmTC_22f54/fast"
/usr/bin/make -f CMakeFiles/cmTC_22f54.dir/build.make CMakeFiles/cmTC_22f54.dir/build
make[1]: Entering directory '/home/florine_van/10662432_autonomous_nav/autonomous_navigation_wss/turtlebot_3d_nav/build/CMakeFiles/CMakeTmp'
Building C object CMakeFiles/cmTC_22f54.dir/CheckFunctionExists.c.o
/usr/bin/cc    -DCHECK_FUNCTION_EXISTS=pthread_create   -o CMakeFiles/cmTC_22f54.dir/CheckFunctionExists.c.o   -c /usr/share/cmake-3.5/Modules/CheckFunctionExists.c
Linking C executable cmTC_22f54
/usr/bin/cmake -E cmake_link_script CMakeFiles/cmTC_22f54.dir/link.txt --verbose=1
/usr/bin/cc   -DCHECK_FUNCTION_EXISTS=pthread_create    CMakeFiles/cmTC_22f54.dir/CheckFunctionExists.c.o  -o cmTC_22f54 -rdynamic -lpthreads 
/usr/bin/ld: cannot find -lpthreads
collect2: error: ld returned 1 exit status
CMakeFiles/cmTC_22f54.dir/build.make:97: recipe for target 'cmTC_22f54' failed
make[1]: *** [cmTC_22f54] Error 1
make[1]: Leaving directory '/home/florine_van/10662432_autonomous_nav/autonomous_navigation_wss/turtlebot_3d_nav/build/CMakeFiles/CMakeTmp'
Makefile:126: recipe for target 'cmTC_22f54/fast' failed
make: *** [cmTC_22f54/fast] Error 2


Determining if the Q_WS_WIN exist failed with the following output:
Change Dir: /home/florine_van/10662432_autonomous_nav/autonomous_navigation_wss/turtlebot_3d_nav/build/CMakeFiles/CMakeTmp

Run Build Command:"/usr/bin/make" "cmTC_b4000/fast"
/usr/bin/make -f CMakeFiles/cmTC_b4000.dir/build.make CMakeFiles/cmTC_b4000.dir/build
make[1]: Entering directory '/home/florine_van/10662432_autonomous_nav/autonomous_navigation_wss/turtlebot_3d_nav/build/CMakeFiles/CMakeTmp'
Building CXX object CMakeFiles/cmTC_b4000.dir/CheckSymbolExists.cxx.o
/usr/bin/c++    -I/usr/include/qt4  -std=c++11    -o CMakeFiles/cmTC_b4000.dir/CheckSymbolExists.cxx.o -c /home/florine_van/10662432_autonomous_nav/autonomous_navigation_wss/turtlebot_3d_nav/build/CMakeFiles/CMakeTmp/CheckSymbolExists.cxx
/home/florine_van/10662432_autonomous_nav/autonomous_navigation_wss/turtlebot_3d_nav/build/CMakeFiles/CMakeTmp/CheckSymbolExists.cxx: In function ‘int main(int, char**)’:
/home/florine_van/10662432_autonomous_nav/autonomous_navigation_wss/turtlebot_3d_nav/build/CMakeFiles/CMakeTmp/CheckSymbolExists.cxx:8:19: error: ‘Q_WS_WIN’ was not declared in this scope
   return ((int*)(&Q_WS_WIN))[argc];
                   ^
CMakeFiles/cmTC_b4000.dir/build.make:65: recipe for target 'CMakeFiles/cmTC_b4000.dir/CheckSymbolExists.cxx.o' failed
make[1]: *** [CMakeFiles/cmTC_b4000.dir/CheckSymbolExists.cxx.o] Error 1
make[1]: Leaving directory '/home/florine_van/10662432_autonomous_nav/autonomous_navigation_wss/turtlebot_3d_nav/build/CMakeFiles/CMakeTmp'
Makefile:126: recipe for target 'cmTC_b4000/fast' failed
make: *** [cmTC_b4000/fast] Error 2

File /home/florine_van/10662432_autonomous_nav/autonomous_navigation_wss/turtlebot_3d_nav/build/CMakeFiles/CMakeTmp/CheckSymbolExists.cxx:
/* */
#include <QtCore/qglobal.h>

int main(int argc, char** argv)
{
  (void)argv;
#ifndef Q_WS_WIN
  return ((int*)(&Q_WS_WIN))[argc];
#else
  (void)argc;
  return 0;
#endif
}

Determining if the Q_WS_QWS exist failed with the following output:
Change Dir: /home/florine_van/10662432_autonomous_nav/autonomous_navigation_wss/turtlebot_3d_nav/build/CMakeFiles/CMakeTmp

Run Build Command:"/usr/bin/make" "cmTC_1cd51/fast"
/usr/bin/make -f CMakeFiles/cmTC_1cd51.dir/build.make CMakeFiles/cmTC_1cd51.dir/build
make[1]: Entering directory '/home/florine_van/10662432_autonomous_nav/autonomous_navigation_wss/turtlebot_3d_nav/build/CMakeFiles/CMakeTmp'
Building CXX object CMakeFiles/cmTC_1cd51.dir/CheckSymbolExists.cxx.o
/usr/bin/c++    -I/usr/include/qt4  -std=c++11    -o CMakeFiles/cmTC_1cd51.dir/CheckSymbolExists.cxx.o -c /home/florine_van/10662432_autonomous_nav/autonomous_navigation_wss/turtlebot_3d_nav/build/CMakeFiles/CMakeTmp/CheckSymbolExists.cxx
/home/florine_van/10662432_autonomous_nav/autonomous_navigation_wss/turtlebot_3d_nav/build/CMakeFiles/CMakeTmp/CheckSymbolExists.cxx: In function ‘int main(int, char**)’:
/home/florine_van/10662432_autonomous_nav/autonomous_navigation_wss/turtlebot_3d_nav/build/CMakeFiles/CMakeTmp/CheckSymbolExists.cxx:8:19: error: ‘Q_WS_QWS’ was not declared in this scope
   return ((int*)(&Q_WS_QWS))[argc];
                   ^
CMakeFiles/cmTC_1cd51.dir/build.make:65: recipe for target 'CMakeFiles/cmTC_1cd51.dir/CheckSymbolExists.cxx.o' failed
make[1]: *** [CMakeFiles/cmTC_1cd51.dir/CheckSymbolExists.cxx.o] Error 1
make[1]: Leaving directory '/home/florine_van/10662432_autonomous_nav/autonomous_navigation_wss/turtlebot_3d_nav/build/CMakeFiles/CMakeTmp'
Makefile:126: recipe for target 'cmTC_1cd51/fast' failed
make: *** [cmTC_1cd51/fast] Error 2

File /home/florine_van/10662432_autonomous_nav/autonomous_navigation_wss/turtlebot_3d_nav/build/CMakeFiles/CMakeTmp/CheckSymbolExists.cxx:
/* */
#include <QtCore/qglobal.h>

int main(int argc, char** argv)
{
  (void)argv;
#ifndef Q_WS_QWS
  return ((int*)(&Q_WS_QWS))[argc];
#else
  (void)argc;
  return 0;
#endif
}

Determining if the Q_WS_MAC exist failed with the following output:
Change Dir: /home/florine_van/10662432_autonomous_nav/autonomous_navigation_wss/turtlebot_3d_nav/build/CMakeFiles/CMakeTmp

Run Build Command:"/usr/bin/make" "cmTC_6f31b/fast"
/usr/bin/make -f CMakeFiles/cmTC_6f31b.dir/build.make CMakeFiles/cmTC_6f31b.dir/build
make[1]: Entering directory '/home/florine_van/10662432_autonomous_nav/autonomous_navigation_wss/turtlebot_3d_nav/build/CMakeFiles/CMakeTmp'
Building CXX object CMakeFiles/cmTC_6f31b.dir/CheckSymbolExists.cxx.o
/usr/bin/c++    -I/usr/include/qt4  -std=c++11    -o CMakeFiles/cmTC_6f31b.dir/CheckSymbolExists.cxx.o -c /home/florine_van/10662432_autonomous_nav/autonomous_navigation_wss/turtlebot_3d_nav/build/CMakeFiles/CMakeTmp/CheckSymbolExists.cxx
/home/florine_van/10662432_autonomous_nav/autonomous_navigation_wss/turtlebot_3d_nav/build/CMakeFiles/CMakeTmp/CheckSymbolExists.cxx: In function ‘int main(int, char**)’:
/home/florine_van/10662432_autonomous_nav/autonomous_navigation_wss/turtlebot_3d_nav/build/CMakeFiles/CMakeTmp/CheckSymbolExists.cxx:8:19: error: ‘Q_WS_MAC’ was not declared in this scope
   return ((int*)(&Q_WS_MAC))[argc];
                   ^
CMakeFiles/cmTC_6f31b.dir/build.make:65: recipe for target 'CMakeFiles/cmTC_6f31b.dir/CheckSymbolExists.cxx.o' failed
make[1]: *** [CMakeFiles/cmTC_6f31b.dir/CheckSymbolExists.cxx.o] Error 1
make[1]: Leaving directory '/home/florine_van/10662432_autonomous_nav/autonomous_navigation_wss/turtlebot_3d_nav/build/CMakeFiles/CMakeTmp'
Makefile:126: recipe for target 'cmTC_6f31b/fast' failed
make: *** [cmTC_6f31b/fast] Error 2

File /home/florine_van/10662432_autonomous_nav/autonomous_navigation_wss/turtlebot_3d_nav/build/CMakeFiles/CMakeTmp/CheckSymbolExists.cxx:
/* */
#include <QtCore/qglobal.h>

int main(int argc, char** argv)
{
  (void)argv;
#ifndef Q_WS_MAC
  return ((int*)(&Q_WS_MAC))[argc];
#else
  (void)argc;
  return 0;
#endif
}

