Determining if the pthread_create exist failed with the following output:
Change Dir: /home/florine_van/10662432_autonomous_nav/autonomous_navigation_wss/turtlebot_interaction/build/CMakeFiles/CMakeTmp

Run Build Command:"/usr/bin/make" "cmTC_687a1/fast"
/usr/bin/make -f CMakeFiles/cmTC_687a1.dir/build.make CMakeFiles/cmTC_687a1.dir/build
make[1]: Entering directory '/home/florine_van/10662432_autonomous_nav/autonomous_navigation_wss/turtlebot_interaction/build/CMakeFiles/CMakeTmp'
Building C object CMakeFiles/cmTC_687a1.dir/CheckSymbolExists.c.o
/usr/bin/cc     -o CMakeFiles/cmTC_687a1.dir/CheckSymbolExists.c.o   -c /home/florine_van/10662432_autonomous_nav/autonomous_navigation_wss/turtlebot_interaction/build/CMakeFiles/CMakeTmp/CheckSymbolExists.c
Linking C executable cmTC_687a1
/usr/bin/cmake -E cmake_link_script CMakeFiles/cmTC_687a1.dir/link.txt --verbose=1
/usr/bin/cc       CMakeFiles/cmTC_687a1.dir/CheckSymbolExists.c.o  -o cmTC_687a1 -rdynamic 
CMakeFiles/cmTC_687a1.dir/CheckSymbolExists.c.o: In function `main':
CheckSymbolExists.c:(.text+0x16): undefined reference to `pthread_create'
collect2: error: ld returned 1 exit status
CMakeFiles/cmTC_687a1.dir/build.make:97: recipe for target 'cmTC_687a1' failed
make[1]: *** [cmTC_687a1] Error 1
make[1]: Leaving directory '/home/florine_van/10662432_autonomous_nav/autonomous_navigation_wss/turtlebot_interaction/build/CMakeFiles/CMakeTmp'
Makefile:126: recipe for target 'cmTC_687a1/fast' failed
make: *** [cmTC_687a1/fast] Error 2

File /home/florine_van/10662432_autonomous_nav/autonomous_navigation_wss/turtlebot_interaction/build/CMakeFiles/CMakeTmp/CheckSymbolExists.c:
/* */
#include <pthread.h>

int main(int argc, char** argv)
{
  (void)argv;
#ifndef pthread_create
  return ((int*)(&pthread_create))[argc];
#else
  (void)argc;
  return 0;
#endif
}

Determining if the function pthread_create exists in the pthreads failed with the following output:
Change Dir: /home/florine_van/10662432_autonomous_nav/autonomous_navigation_wss/turtlebot_interaction/build/CMakeFiles/CMakeTmp

Run Build Command:"/usr/bin/make" "cmTC_0e251/fast"
/usr/bin/make -f CMakeFiles/cmTC_0e251.dir/build.make CMakeFiles/cmTC_0e251.dir/build
make[1]: Entering directory '/home/florine_van/10662432_autonomous_nav/autonomous_navigation_wss/turtlebot_interaction/build/CMakeFiles/CMakeTmp'
Building C object CMakeFiles/cmTC_0e251.dir/CheckFunctionExists.c.o
/usr/bin/cc    -DCHECK_FUNCTION_EXISTS=pthread_create   -o CMakeFiles/cmTC_0e251.dir/CheckFunctionExists.c.o   -c /usr/share/cmake-3.5/Modules/CheckFunctionExists.c
Linking C executable cmTC_0e251
/usr/bin/cmake -E cmake_link_script CMakeFiles/cmTC_0e251.dir/link.txt --verbose=1
/usr/bin/cc   -DCHECK_FUNCTION_EXISTS=pthread_create    CMakeFiles/cmTC_0e251.dir/CheckFunctionExists.c.o  -o cmTC_0e251 -rdynamic -lpthreads 
/usr/bin/ld: cannot find -lpthreads
collect2: error: ld returned 1 exit status
CMakeFiles/cmTC_0e251.dir/build.make:97: recipe for target 'cmTC_0e251' failed
make[1]: *** [cmTC_0e251] Error 1
make[1]: Leaving directory '/home/florine_van/10662432_autonomous_nav/autonomous_navigation_wss/turtlebot_interaction/build/CMakeFiles/CMakeTmp'
Makefile:126: recipe for target 'cmTC_0e251/fast' failed
make: *** [cmTC_0e251/fast] Error 2


