Determining if the pthread_create exist failed with the following output:
Change Dir: /home/florine_van/10662432_autonomous_nav/autonomous_navigation_wss/turtlebot_simulation/build/vrep_simulation/CMakeFiles/CMakeTmp

Run Build Command:"/usr/bin/make" "cmTC_0412c/fast"
/usr/bin/make -f CMakeFiles/cmTC_0412c.dir/build.make CMakeFiles/cmTC_0412c.dir/build
make[1]: Entering directory '/home/florine_van/10662432_autonomous_nav/autonomous_navigation_wss/turtlebot_simulation/build/vrep_simulation/CMakeFiles/CMakeTmp'
Building C object CMakeFiles/cmTC_0412c.dir/CheckSymbolExists.c.o
/usr/bin/cc     -o CMakeFiles/cmTC_0412c.dir/CheckSymbolExists.c.o   -c /home/florine_van/10662432_autonomous_nav/autonomous_navigation_wss/turtlebot_simulation/build/vrep_simulation/CMakeFiles/CMakeTmp/CheckSymbolExists.c
Linking C executable cmTC_0412c
/usr/bin/cmake -E cmake_link_script CMakeFiles/cmTC_0412c.dir/link.txt --verbose=1
/usr/bin/cc       CMakeFiles/cmTC_0412c.dir/CheckSymbolExists.c.o  -o cmTC_0412c -rdynamic 
CMakeFiles/cmTC_0412c.dir/CheckSymbolExists.c.o: In function `main':
CheckSymbolExists.c:(.text+0x16): undefined reference to `pthread_create'
collect2: error: ld returned 1 exit status
CMakeFiles/cmTC_0412c.dir/build.make:97: recipe for target 'cmTC_0412c' failed
make[1]: *** [cmTC_0412c] Error 1
make[1]: Leaving directory '/home/florine_van/10662432_autonomous_nav/autonomous_navigation_wss/turtlebot_simulation/build/vrep_simulation/CMakeFiles/CMakeTmp'
Makefile:126: recipe for target 'cmTC_0412c/fast' failed
make: *** [cmTC_0412c/fast] Error 2

File /home/florine_van/10662432_autonomous_nav/autonomous_navigation_wss/turtlebot_simulation/build/vrep_simulation/CMakeFiles/CMakeTmp/CheckSymbolExists.c:
/* */
#include <pthread.h>

int main(int argc, char** argv)
{
  (void)argv;
#ifndef pthread_create
  return ((int*)(&pthread_create))[argc];
#else
  (void)argc;
  return 0;
#endif
}

Determining if the function pthread_create exists in the pthreads failed with the following output:
Change Dir: /home/florine_van/10662432_autonomous_nav/autonomous_navigation_wss/turtlebot_simulation/build/vrep_simulation/CMakeFiles/CMakeTmp

Run Build Command:"/usr/bin/make" "cmTC_1f8b7/fast"
/usr/bin/make -f CMakeFiles/cmTC_1f8b7.dir/build.make CMakeFiles/cmTC_1f8b7.dir/build
make[1]: Entering directory '/home/florine_van/10662432_autonomous_nav/autonomous_navigation_wss/turtlebot_simulation/build/vrep_simulation/CMakeFiles/CMakeTmp'
Building C object CMakeFiles/cmTC_1f8b7.dir/CheckFunctionExists.c.o
/usr/bin/cc    -DCHECK_FUNCTION_EXISTS=pthread_create   -o CMakeFiles/cmTC_1f8b7.dir/CheckFunctionExists.c.o   -c /usr/share/cmake-3.5/Modules/CheckFunctionExists.c
Linking C executable cmTC_1f8b7
/usr/bin/cmake -E cmake_link_script CMakeFiles/cmTC_1f8b7.dir/link.txt --verbose=1
/usr/bin/cc   -DCHECK_FUNCTION_EXISTS=pthread_create    CMakeFiles/cmTC_1f8b7.dir/CheckFunctionExists.c.o  -o cmTC_1f8b7 -rdynamic -lpthreads 
/usr/bin/ld: cannot find -lpthreads
collect2: error: ld returned 1 exit status
CMakeFiles/cmTC_1f8b7.dir/build.make:97: recipe for target 'cmTC_1f8b7' failed
make[1]: *** [cmTC_1f8b7] Error 1
make[1]: Leaving directory '/home/florine_van/10662432_autonomous_nav/autonomous_navigation_wss/turtlebot_simulation/build/vrep_simulation/CMakeFiles/CMakeTmp'
Makefile:126: recipe for target 'cmTC_1f8b7/fast' failed
make: *** [cmTC_1f8b7/fast] Error 2


