Determining if the pthread_create exist failed with the following output:
Change Dir: /home/florine_van/10662432_autonomous_nav/autonomous_navigation_wss/turtlebot_simulation/build/vrep_ugv_plugin/CMakeFiles/CMakeTmp

Run Build Command:"/usr/bin/make" "cmTC_40f86/fast"
/usr/bin/make -f CMakeFiles/cmTC_40f86.dir/build.make CMakeFiles/cmTC_40f86.dir/build
make[1]: Entering directory '/home/florine_van/10662432_autonomous_nav/autonomous_navigation_wss/turtlebot_simulation/build/vrep_ugv_plugin/CMakeFiles/CMakeTmp'
Building C object CMakeFiles/cmTC_40f86.dir/CheckSymbolExists.c.o
/usr/bin/cc     -o CMakeFiles/cmTC_40f86.dir/CheckSymbolExists.c.o   -c /home/florine_van/10662432_autonomous_nav/autonomous_navigation_wss/turtlebot_simulation/build/vrep_ugv_plugin/CMakeFiles/CMakeTmp/CheckSymbolExists.c
Linking C executable cmTC_40f86
/usr/bin/cmake -E cmake_link_script CMakeFiles/cmTC_40f86.dir/link.txt --verbose=1
/usr/bin/cc       CMakeFiles/cmTC_40f86.dir/CheckSymbolExists.c.o  -o cmTC_40f86 -rdynamic 
CMakeFiles/cmTC_40f86.dir/CheckSymbolExists.c.o: In function `main':
CheckSymbolExists.c:(.text+0x16): undefined reference to `pthread_create'
collect2: error: ld returned 1 exit status
CMakeFiles/cmTC_40f86.dir/build.make:97: recipe for target 'cmTC_40f86' failed
make[1]: *** [cmTC_40f86] Error 1
make[1]: Leaving directory '/home/florine_van/10662432_autonomous_nav/autonomous_navigation_wss/turtlebot_simulation/build/vrep_ugv_plugin/CMakeFiles/CMakeTmp'
Makefile:126: recipe for target 'cmTC_40f86/fast' failed
make: *** [cmTC_40f86/fast] Error 2

File /home/florine_van/10662432_autonomous_nav/autonomous_navigation_wss/turtlebot_simulation/build/vrep_ugv_plugin/CMakeFiles/CMakeTmp/CheckSymbolExists.c:
/* */
#include <pthread.h>

int main(int argc, char** argv)
{
  (void)argv;
#ifndef pthread_create
  return ((int*)(&pthread_create))[argc];
#else
  (void)argc;
  return 0;
#endif
}

Determining if the function pthread_create exists in the pthreads failed with the following output:
Change Dir: /home/florine_van/10662432_autonomous_nav/autonomous_navigation_wss/turtlebot_simulation/build/vrep_ugv_plugin/CMakeFiles/CMakeTmp

Run Build Command:"/usr/bin/make" "cmTC_24a0f/fast"
/usr/bin/make -f CMakeFiles/cmTC_24a0f.dir/build.make CMakeFiles/cmTC_24a0f.dir/build
make[1]: Entering directory '/home/florine_van/10662432_autonomous_nav/autonomous_navigation_wss/turtlebot_simulation/build/vrep_ugv_plugin/CMakeFiles/CMakeTmp'
Building C object CMakeFiles/cmTC_24a0f.dir/CheckFunctionExists.c.o
/usr/bin/cc    -DCHECK_FUNCTION_EXISTS=pthread_create   -o CMakeFiles/cmTC_24a0f.dir/CheckFunctionExists.c.o   -c /usr/share/cmake-3.5/Modules/CheckFunctionExists.c
Linking C executable cmTC_24a0f
/usr/bin/cmake -E cmake_link_script CMakeFiles/cmTC_24a0f.dir/link.txt --verbose=1
/usr/bin/cc   -DCHECK_FUNCTION_EXISTS=pthread_create    CMakeFiles/cmTC_24a0f.dir/CheckFunctionExists.c.o  -o cmTC_24a0f -rdynamic -lpthreads 
/usr/bin/ld: cannot find -lpthreads
collect2: error: ld returned 1 exit status
CMakeFiles/cmTC_24a0f.dir/build.make:97: recipe for target 'cmTC_24a0f' failed
make[1]: *** [cmTC_24a0f] Error 1
make[1]: Leaving directory '/home/florine_van/10662432_autonomous_nav/autonomous_navigation_wss/turtlebot_simulation/build/vrep_ugv_plugin/CMakeFiles/CMakeTmp'
Makefile:126: recipe for target 'cmTC_24a0f/fast' failed
make: *** [cmTC_24a0f/fast] Error 2


