Determining if the pthread_create exist failed with the following output:
Change Dir: /home/user001/ROCO506/turtlebot2_wss/turtlebot_simulation/build/catkin_tools_prebuild/CMakeFiles/CMakeTmp

Run Build Command:"/usr/bin/make" "cmTC_ef74e/fast"
/usr/bin/make -f CMakeFiles/cmTC_ef74e.dir/build.make CMakeFiles/cmTC_ef74e.dir/build
make[1]: Entering directory '/home/user001/ROCO506/turtlebot2_wss/turtlebot_simulation/build/catkin_tools_prebuild/CMakeFiles/CMakeTmp'
Building C object CMakeFiles/cmTC_ef74e.dir/CheckSymbolExists.c.o
/usr/bin/cc     -o CMakeFiles/cmTC_ef74e.dir/CheckSymbolExists.c.o   -c /home/user001/ROCO506/turtlebot2_wss/turtlebot_simulation/build/catkin_tools_prebuild/CMakeFiles/CMakeTmp/CheckSymbolExists.c
Linking C executable cmTC_ef74e
/usr/bin/cmake -E cmake_link_script CMakeFiles/cmTC_ef74e.dir/link.txt --verbose=1
/usr/bin/cc       CMakeFiles/cmTC_ef74e.dir/CheckSymbolExists.c.o  -o cmTC_ef74e -rdynamic 
CMakeFiles/cmTC_ef74e.dir/CheckSymbolExists.c.o: In function `main':
CheckSymbolExists.c:(.text+0x16): undefined reference to `pthread_create'
collect2: error: ld returned 1 exit status
CMakeFiles/cmTC_ef74e.dir/build.make:97: recipe for target 'cmTC_ef74e' failed
make[1]: *** [cmTC_ef74e] Error 1
make[1]: Leaving directory '/home/user001/ROCO506/turtlebot2_wss/turtlebot_simulation/build/catkin_tools_prebuild/CMakeFiles/CMakeTmp'
Makefile:126: recipe for target 'cmTC_ef74e/fast' failed
make: *** [cmTC_ef74e/fast] Error 2

File /home/user001/ROCO506/turtlebot2_wss/turtlebot_simulation/build/catkin_tools_prebuild/CMakeFiles/CMakeTmp/CheckSymbolExists.c:
/* */
#include <pthread.h>

int main(int argc, char** argv)
{
  (void)argv;
#ifndef pthread_create
  return ((int*)(&pthread_create))[argc];
#else
  (void)argc;
  return 0;
#endif
}

Determining if the function pthread_create exists in the pthreads failed with the following output:
Change Dir: /home/user001/ROCO506/turtlebot2_wss/turtlebot_simulation/build/catkin_tools_prebuild/CMakeFiles/CMakeTmp

Run Build Command:"/usr/bin/make" "cmTC_24a34/fast"
/usr/bin/make -f CMakeFiles/cmTC_24a34.dir/build.make CMakeFiles/cmTC_24a34.dir/build
make[1]: Entering directory '/home/user001/ROCO506/turtlebot2_wss/turtlebot_simulation/build/catkin_tools_prebuild/CMakeFiles/CMakeTmp'
Building C object CMakeFiles/cmTC_24a34.dir/CheckFunctionExists.c.o
/usr/bin/cc    -DCHECK_FUNCTION_EXISTS=pthread_create   -o CMakeFiles/cmTC_24a34.dir/CheckFunctionExists.c.o   -c /usr/share/cmake-3.5/Modules/CheckFunctionExists.c
Linking C executable cmTC_24a34
/usr/bin/cmake -E cmake_link_script CMakeFiles/cmTC_24a34.dir/link.txt --verbose=1
/usr/bin/cc   -DCHECK_FUNCTION_EXISTS=pthread_create    CMakeFiles/cmTC_24a34.dir/CheckFunctionExists.c.o  -o cmTC_24a34 -rdynamic -lpthreads 
/usr/bin/ld: cannot find -lpthreads
collect2: error: ld returned 1 exit status
CMakeFiles/cmTC_24a34.dir/build.make:97: recipe for target 'cmTC_24a34' failed
make[1]: *** [cmTC_24a34] Error 1
make[1]: Leaving directory '/home/user001/ROCO506/turtlebot2_wss/turtlebot_simulation/build/catkin_tools_prebuild/CMakeFiles/CMakeTmp'
Makefile:126: recipe for target 'cmTC_24a34/fast' failed
make: *** [cmTC_24a34/fast] Error 2


